<?xml version="1.0" encoding="UTF-8"?>
<coverage generated="1506111231">
  <project timestamp="1506111231">
    <package name="TDD">
      <file name="D:\OpenServer\domains\tdd.ex\src/Receipt.php">
        <class name="Receipt" namespace="TDD">
          <metrics complexity="9" methods="4" coveredmethods="4" conditionals="0" coveredconditionals="0" statements="12" coveredstatements="12" elements="16" coveredelements="16"/>
        </class>
        <line num="16" type="method" name="total" visibility="public" complexity="5" crap="5" count="5"/>
        <line num="18" type="stmt" count="5"/>
        <line num="19" type="stmt" count="1"/>
        <line num="20" type="stmt" count="1"/>
        <line num="24" type="stmt" count="4"/>
        <line num="26" type="stmt" count="4"/>
        <line num="27" type="stmt" count="1"/>
        <line num="30" type="stmt" count="4"/>
        <line num="33" type="method" name="tax" visibility="public" complexity="1" crap="1" count="1"/>
        <line num="35" type="stmt" count="1"/>
        <line num="38" type="method" name="postTaxTotal" visibility="public" complexity="2" crap="2" count="2"/>
        <line num="40" type="stmt" count="2"/>
        <line num="41" type="stmt" count="2"/>
        <line num="43" type="stmt" count="2"/>
        <line num="46" type="method" name="currencyAmount" visibility="public" complexity="1" crap="1" count="4"/>
        <line num="48" type="stmt" count="4"/>
        <metrics loc="49" ncloc="43" classes="1" methods="4" coveredmethods="4" conditionals="0" coveredconditionals="0" statements="12" coveredstatements="12" elements="16" coveredelements="16"/>
      </file>
    </package>
    <metrics files="1" loc="49" ncloc="43" classes="1" methods="4" coveredmethods="4" conditionals="0" coveredconditionals="0" statements="12" coveredstatements="12" elements="16" coveredelements="16"/>
  </project>
</coverage>
